<?xml version="1.0" encoding="UTF-8" ?>
<testsuite errors="0" failures="1" hostname="DESKTOP-AOPIRN9" name="ia.proyecto.SumaTest" skipped="0" tests="3" time="0.065" timestamp="2017-08-23T18:49:38">
  <properties>
    <property name="java.vendor" value="Oracle Corporation" />
    <property name="lib.dir" value="lib" />
    <property name="sun.java.launcher" value="SUN_STANDARD" />
    <property name="sun.management.compiler" value="HotSpot 64-Bit Tiered Compilers" />
    <property name="os.name" value="Windows 10" />
    <property name="sun.boot.class.path" value="C:\Program Files\Java\jdk1.8.0_121\jre\lib\resources.jar;C:\Program Files\Java\jdk1.8.0_121\jre\lib\rt.jar;C:\Program Files\Java\jdk1.8.0_121\jre\lib\sunrsasign.jar;C:\Program Files\Java\jdk1.8.0_121\jre\lib\jsse.jar;C:\Program Files\Java\jdk1.8.0_121\jre\lib\jce.jar;C:\Program Files\Java\jdk1.8.0_121\jre\lib\charsets.jar;C:\Program Files\Java\jdk1.8.0_121\jre\lib\jfr.jar;C:\Program Files\Java\jdk1.8.0_121\jre\classes" />
    <property name="sun.desktop" value="windows" />
    <property name="java.vm.specification.vendor" value="Oracle Corporation" />
    <property name="ant.home" value="C:\apache-ant-1.10.1" />
    <property name="jar.dir" value="build/jar" />
    <property name="java.runtime.version" value="1.8.0_121-b13" />
    <property name="user.name" value="LopezLopez" />
    <property name="build.dir" value="build" />
    <property name="user.language" value="es" />
    <property name="class.dir" value="build/class" />
    <property name="sun.boot.library.path" value="C:\Program Files\Java\jdk1.8.0_121\jre\bin" />
    <property name="ant.project.default-target" value="init" />
    <property name="doc.dir" value="doc" />
    <property name="ant.project.name" value="Analisis2" />
    <property name="java.version" value="1.8.0_121" />
    <property name="user.timezone" value="" />
    <property name="sun.arch.data.model" value="64" />
    <property name="java.endorsed.dirs" value="C:\Program Files\Java\jdk1.8.0_121\jre\lib\endorsed" />
    <property name="sun.cpu.isalist" value="amd64" />
    <property name="sun.jnu.encoding" value="Cp1252" />
    <property name="file.encoding.pkg" value="sun.io" />
    <property name="file.separator" value="\" />
    <property name="java.specification.name" value="Java Platform API Specification" />
    <property name="java.class.version" value="52.0" />
    <property name="user.country" value="GT" />
    <property name="java.home" value="C:\Program Files\Java\jdk1.8.0_121\jre" />
    <property name="java.vm.info" value="mixed mode" />
    <property name="main-class" value="ia.proyecto.IAProyecto" />
    <property name="ant.file" value="C:\Users\LopezLopez\Desktop\Nueva carpeta\Analisis2-2017\build.xml" />
    <property name="os.version" value="10.0" />
    <property name="path.separator" value=";" />
    <property name="java.vm.version" value="25.121-b13" />
    <property name="report.dir" value="reports" />
    <property name="user.variant" value="" />
    <property name="ant.library.dir" value="C:\apache-ant-1.10.1\lib" />
    <property name="java.awt.printerjob" value="sun.awt.windows.WPrinterJob" />
    <property name="sun.io.unicode.encoding" value="UnicodeLittle" />
    <property name="awt.toolkit" value="sun.awt.windows.WToolkit" />
    <property name="_jacoco.agentFile" value="C:\Users\LOPEZL~1\AppData\Local\Temp\jacocoagent1918294696853882787.jar" />
    <property name="sun.stdout.encoding" value="cp850" />
    <property name="user.script" value="" />
    <property name="user.home" value="C:\Users\LopezLopez" />
    <property name="ant.file.Analisis2" value="C:\Users\LopezLopez\Desktop\Nueva carpeta\Analisis2-2017\build.xml" />
    <property name="java.specification.vendor" value="Oracle Corporation" />
    <property name="test.dir" value="test" />
    <property name="java.library.path" value="C:\Program Files\Java\jdk1.8.0_121\jre\bin;C:\Windows\Sun\Java\bin;C:\Windows\system32;C:\Windows;C:\oraclexe\app\oracle\product\11.2.0\server\bin;;C:\ProgramData\Oracle\Java\javapath;C:\Windows\system32;C:\Windows;C:\Windows\System32\Wbem;C:\Windows\System32\WindowsPowerShell\v1.0\;C:\Program Files (x86)\Windows Kits\8.1\Windows Performance Toolkit\;C:\Program Files\Microsoft SQL Server\110\Tools\Binn\;C:\Program Files\Microsoft\Web Platform Installer\;C:\xampp\phalcon-devtools-master;C:\RailsInstaller\Git\cmd;C:\Program Files\MySQL\MySQL Utilities 1.6\;C:\Program Files (x86)\Microsoft SQL Server\100\Tools\Binn\;C:\Program Files (x86)\Microsoft SQL Server\100\DTS\Binn\;C:\Program Files (x86)\Microsoft SQL Server\100\Tools\Binn\VSShell\Common7\IDE\;C:\Program Files (x86)\Microsoft Visual Studio 9.0\Common7\IDE\PrivateAssemblies\;C:\Program Files\TortoiseSVN\bin;C:\Program Files\VisualSVN Server\bin;C:\Program Files\Java\jdk1.8.0_121\bin;C:\apache-maven-3.5.0\bin;C:\apache-ant-1.10.1\bin;C:\Program Files\nodejs\;C:\RailsInstaller\Git\cmd;C:\RailsInstaller\Ruby2.3.0\bin;C:\Users\LopezLopez\AppData\Roaming\npm;." />
    <property name="java.vendor.url" value="http://java.oracle.com/" />
    <property name="java.vm.vendor" value="Oracle Corporation" />
    <property name="java.runtime.name" value="Java(TM) SE Runtime Environment" />
    <property name="sun.java.command" value="org.apache.tools.ant.taskdefs.optional.junit.JUnitTestRunner ia.proyecto.SumaTest skipNonTests=false filtertrace=true haltOnError=false haltOnFailure=true formatter=org.apache.tools.ant.taskdefs.optional.junit.SummaryJUnitResultFormatter showoutput=true outputtoformatters=true logfailedtests=true threadid=0 logtestlistenerevents=false formatter=org.apache.tools.ant.taskdefs.optional.junit.XMLJUnitResultFormatter,C:\Users\LopezLopez\Desktop\Nueva carpeta\Analisis2-2017\test\reports\TEST-ia.proyecto.SumaTest.xml crashfile=C:\Users\LopezLopez\Desktop\Nueva carpeta\Analisis2-2017\junitvmwatcher5001191191722976157.properties propsfile=C:\Users\LopezLopez\Desktop\Nueva carpeta\Analisis2-2017\junit6467923340833958197.properties" />
    <property name="java.class.path" value="C:\Users\LopezLopez\Desktop\Nueva carpeta\Analisis2-2017\lib\junit-4.12.jar;C:\Users\LopezLopez\Desktop\Nueva carpeta\Analisis2-2017\build\class;C:\apache-ant-1.10.1\lib\ant-launcher.jar;C:\apache-ant-1.10.1\lib\ant.jar;C:\apache-ant-1.10.1\lib\ant-junit.jar;C:\apache-ant-1.10.1\lib\ant-junit4.jar;C:\Users\LOPEZL~1\AppData\Local\Temp\jacocoagent1918294696853882787.jar" />
    <property name="ant.version" value="Apache Ant(TM) version 1.10.1 compiled on February 2 2017" />
    <property name="java.vm.specification.name" value="Java Virtual Machine Specification" />
    <property name="ant.file.type" value="file" />
    <property name="java.vm.specification.version" value="1.8" />
    <property name="sun.cpu.endian" value="little" />
    <property name="sun.os.patch.level" value="" />
    <property name="java.io.tmpdir" value="C:\Users\LOPEZL~1\AppData\Local\Temp\" />
    <property name="java.vendor.url.bug" value="http://bugreport.sun.com/bugreport/" />
    <property name="ant.file.type.Analisis2" value="file" />
    <property name="os.arch" value="amd64" />
    <property name="java.awt.graphicsenv" value="sun.awt.Win32GraphicsEnvironment" />
    <property name="java.ext.dirs" value="C:\Program Files\Java\jdk1.8.0_121\jre\lib\ext;C:\Windows\Sun\Java\lib\ext" />
    <property name="user.dir" value="C:\Users\LopezLopez\Desktop\Nueva carpeta\Analisis2-2017" />
    <property name="line.separator" value="&#xd;&#xa;" />
    <property name="java.vm.name" value="Java HotSpot(TM) 64-Bit Server VM" />
    <property name="basedir" value="C:\Users\LopezLopez\Desktop\Nueva carpeta\Analisis2-2017" />
    <property name="ant.java.version" value="1.8" />
    <property name="ant.core.lib" value="C:\apache-ant-1.10.1\lib\ant.jar" />
    <property name="file.encoding" value="Cp1252" />
    <property name="sun.stderr.encoding" value="cp850" />
    <property name="java.specification.version" value="1.8" />
    <property name="src.dir" value="src" />
    <property name="ant.project.invoked-targets" value="init" />
  </properties>
  <testcase classname="ia.proyecto.SumaTest" name="testSumaPositivos" time="0.002" />
  <testcase classname="ia.proyecto.SumaTest" name="testSumaNegativos" time="0.002" />
  <testcase classname="ia.proyecto.SumaTest" name="testSumaPositivoNegativo" time="0.009">
    <failure type="junit.framework.AssertionFailedError">junit.framework.AssertionFailedError
	at ia.proyecto.SumaTest.testSumaPositivoNegativo(SumaTest.java:28)
</failure>
  </testcase>
  <system-out><![CDATA[Sumando dos nÃºmeros positivos ...
Sumando dos nÃºmeros negativos ...
Sumando un nÃºmero positivo y un nÃºmero negativo ...
]]></system-out>
  <system-err><![CDATA[]]></system-err>
</testsuite>
